e:\mytest\tetris\debug\vc142.pdb
e:\mytest\tetris\debug\vc142.idb
e:\mytest\tetris\debug\zfigure.obj
e:\mytest\tetris\debug\tetris.obj
e:\mytest\tetris\debug\tfigure.obj
e:\mytest\tetris\debug\rfigure.obj
e:\mytest\tetris\debug\lfigure.obj
e:\mytest\tetris\debug\jfigure.obj
e:\mytest\tetris\debug\ifigure.obj
e:\mytest\tetris\debug\engine.obj
e:\mytest\tetris\debug\bfigure.obj
e:\mytest\tetris\debug\placelogic.obj
e:\mytest\tetris\debug\tetris.exe
e:\mytest\tetris\debug\tetris.ilk
e:\mytest\tetris\debug\tetris.pdb
e:\mytest\tetris\debug\tetris.res
e:\mytest\tetris\debug\tetris.tlog\cl.command.1.tlog
e:\mytest\tetris\debug\tetris.tlog\cl.read.1.tlog
e:\mytest\tetris\debug\tetris.tlog\cl.write.1.tlog
e:\mytest\tetris\debug\tetris.tlog\link.command.1.tlog
e:\mytest\tetris\debug\tetris.tlog\link.read.1.tlog
e:\mytest\tetris\debug\tetris.tlog\link.write.1.tlog
e:\mytest\tetris\debug\tetris.tlog\rc.command.1.tlog
e:\mytest\tetris\debug\tetris.tlog\rc.read.1.tlog
e:\mytest\tetris\debug\tetris.tlog\rc.write.1.tlog
